<?xml version="1.0" encoding="UTF-8" ?>
<testsuite tests="1" failures="0" name="fi.mika.japanese.HiraganaTest" time="0.016" errors="0" skipped="0">
  <properties>
    <property name="java.runtime.name" value="Java(TM) SE Runtime Environment"/>
    <property name="java.vm.version" value="9.0.1+11"/>
    <property name="sun.boot.library.path" value="C:\Program Files\Java\jdk-9.0.1\bin"/>
    <property name="user.country.format" value="FI"/>
    <property name="maven.multiModuleProjectDirectory" value="C:\Users\Mika\Documents\NetBeansProjects\japanese"/>
    <property name="java.vm.vendor" value="Oracle Corporation"/>
    <property name="java.vendor.url" value="http://java.oracle.com/"/>
    <property name="guice.disable.misplaced.annotation.check" value="true"/>
    <property name="path.separator" value=";"/>
    <property name="java.vm.name" value="Java HotSpot(TM) 64-Bit Server VM"/>
    <property name="file.encoding.pkg" value="sun.io"/>
    <property name="sun.os.patch.level" value=""/>
    <property name="user.script" value=""/>
    <property name="sun.java.launcher" value="SUN_STANDARD"/>
    <property name="user.country" value="US"/>
    <property name="java.vm.specification.name" value="Java Virtual Machine Specification"/>
    <property name="user.dir" value="C:\Users\Mika\Documents\NetBeansProjects\japanese"/>
    <property name="java.vm.compressedOopsMode" value="32-bit"/>
    <property name="java.runtime.version" value="9.0.1+11"/>
    <property name="java.awt.graphicsenv" value="sun.awt.Win32GraphicsEnvironment"/>
    <property name="os.arch" value="amd64"/>
    <property name="java.io.tmpdir" value="C:\Users\Mika\AppData\Local\Temp\"/>
    <property name="line.separator" value="
"/>
    <property name="java.vm.specification.vendor" value="Oracle Corporation"/>
    <property name="user.variant" value=""/>
    <property name="os.name" value="Windows 8.1"/>
    <property name="maven.ext.class.path" value="C:\Program Files\NetBeans-12.4\netbeans\java\maven-nblib\netbeans-eventspy.jar"/>
    <property name="classworlds.conf" value="C:\Program Files\NetBeans-12.4\netbeans\java\maven\bin\..\bin\m2.conf"/>
    <property name="sun.jnu.encoding" value="Cp1252"/>
    <property name="java.library.path" value="C:\Program Files\Java\jdk-9.0.1\bin;C:\Windows\Sun\Java\bin;C:\Windows\system32;C:\Windows;C:\Program Files\AdoptOpenJDK\jdk-11.0.9.101-hotspot\bin;C:\Program Files (x86)\Common Files\Oracle\Java\javapath;C:\ProgramData\Oracle\Java\javapath;C:\Program Files\ImageMagick-7.0.4-Q16;C:\Program Files (x86)\Intel\iCLS Client\;C:\Program Files\Intel\iCLS Client\;C:\Windows\system32;C:\Windows;C:\Windows\System32\Wbem;C:\Windows\System32\WindowsPowerShell\v1.0\;C:\Program Files\Intel\Intel(R) Management Engine Components\DAL;C:\Program Files (x86)\Intel\Intel(R) Management Engine Components\DAL;C:\Program Files\Intel\Intel(R) Management Engine Components\IPT;C:\Program Files (x86)\Intel\Intel(R) Management Engine Components\IPT;C:\Program Files (x86)\AMD\ATI.ACE\Core-Static;C:\Program Files\MATLAB\R2014b\runtime\win64;C:\Program Files\MATLAB\R2014b\bin;C:\Program Files\MATLAB\R2014b\polyspace\bin;C:\Program Files (x86)\MiKTeX 2.9\miktex\bin\;C:\Program Files\PuTTY\;C:\Program Files (x86)\Windows Kits\8.1\Windows Performance Toolkit\;C:\Program Files\Java\jdk-9.0.1\bin;C:\Program Files\Microsoft SQL Server\130\Tools\Binn\;C:\Program Files\dotnet\;C:\Program Files (x86)\Streamlink\bin;C:\mingw64\bin;C:\Program Files\Microsoft SQL Server\Client SDK\ODBC\170\Tools\Binn\;C:\HashiCorp\Vagrant\bin;C:\Users\Mika\AppData\Local\Programs\Python\Python310\Scripts\;C:\Users\Mika\AppData\Local\Programs\Python\Python310\;C:\Users\Mika\AppData\Local\Programs\Microsoft VS Code\bin;C:\Users\Mika\.dotnet\tools;C:\Users\Mika\AppData\Local\GitHubDesktop\bin;."/>
    <property name="maven.conf" value="C:\Program Files\NetBeans-12.4\netbeans\java\maven\bin\../conf"/>
    <property name="jdk.debug" value="release"/>
    <property name="java.class.version" value="53.0"/>
    <property name="java.specification.name" value="Java Platform API Specification"/>
    <property name="sun.management.compiler" value="HotSpot 64-Bit Tiered Compilers"/>
    <property name="os.version" value="6.3"/>
    <property name="library.jansi.path" value="C:\Program Files\NetBeans-12.4\netbeans\java\maven\bin\..\lib\jansi-native"/>
    <property name="user.home" value="C:\Users\Mika"/>
    <property name="user.timezone" value="Europe/Helsinki"/>
    <property name="java.awt.printerjob" value="sun.awt.windows.WPrinterJob"/>
    <property name="file.encoding" value="UTF-8"/>
    <property name="java.specification.version" value="9"/>
    <property name="user.name" value="Mika"/>
    <property name="java.class.path" value="C:\Program Files\NetBeans-12.4\netbeans\java\maven\bin\..\boot\plexus-classworlds-2.6.0.jar"/>
    <property name="java.vm.specification.version" value="9"/>
    <property name="sun.arch.data.model" value="64"/>
    <property name="sun.java.command" value="org.codehaus.plexus.classworlds.launcher.Launcher -Dmaven.ext.class.path=C:\Program Files\NetBeans-12.4\netbeans\java\maven-nblib\netbeans-eventspy.jar -Dfile.encoding=UTF-8 clean install"/>
    <property name="java.home" value="C:\Program Files\Java\jdk-9.0.1"/>
    <property name="user.language" value="en"/>
    <property name="java.specification.vendor" value="Oracle Corporation"/>
    <property name="user.language.format" value="fi"/>
    <property name="awt.toolkit" value="sun.awt.windows.WToolkit"/>
    <property name="java.vm.info" value="mixed mode"/>
    <property name="java.version" value="9.0.1"/>
    <property name="java.vendor" value="Oracle Corporation"/>
    <property name="maven.home" value="C:\Program Files\NetBeans-12.4\netbeans\java\maven\bin\.."/>
    <property name="file.separator" value="\"/>
    <property name="java.vendor.url.bug" value="http://bugreport.java.com/bugreport/"/>
    <property name="sun.io.unicode.encoding" value="UnicodeLittle"/>
    <property name="sun.cpu.endian" value="little"/>
    <property name="sun.desktop" value="windows"/>
    <property name="sun.cpu.isalist" value="amd64"/>
  </properties>
  <testcase classname="fi.mika.japanese.HiraganaTest" name="fi.mika.japanese.HiraganaTest.testSearchForHiragana" time="0.016"/>
</testsuite>